16:47:21.105 [main] INFO  api.test.UserTest - ******Create User********
16:47:24.459 [main] INFO  api.test.UserTest - ******Create User Pass Successfully********
16:47:24.471 [main] INFO  api.test.UserTest - ******Get User********
16:47:26.158 [main] INFO  api.test.UserTest - ******Get User Pass Successfully********
16:47:26.162 [main] INFO  api.test.UserTest - ******Update User********
16:47:29.431 [main] INFO  api.test.UserTest - ******update User Pass Successfully********
16:47:29.436 [main] INFO  api.test.UserTest - ******Delete User********
16:47:31.068 [main] INFO  api.test.UserTest - ******Delete User Pass Successfully********
18:52:18.910 [main] INFO  api.test.UserTest2 - ******Create User********
18:52:19.964 [main] INFO  api.test.UserTest2 - ******Get User********
18:52:20.119 [main] INFO  api.test.UserTest2 - ******Update User********
18:52:20.141 [main] INFO  api.test.UserTest2 - ******Delete User********
18:55:11.124 [main] INFO  api.test.UserTest2 - ******Create User********
18:55:12.126 [main] INFO  api.test.UserTest2 - ******Get User********
18:55:12.246 [main] INFO  api.test.UserTest2 - ******Update User********
18:55:12.268 [main] INFO  api.test.UserTest2 - ******Delete User********
19:02:10.154 [main] INFO  api.test.UserTest2 - ******Create User********
19:02:11.203 [main] INFO  api.test.UserTest2 - ******Get User********
19:02:11.347 [main] INFO  api.test.UserTest2 - ******Update User********
19:02:11.372 [main] INFO  api.test.UserTest2 - ******Delete User********
19:03:32.187 [main] INFO  api.test.UserTest - ******Create User********
19:03:35.184 [main] INFO  api.test.UserTest - ******Create User Pass Successfully********
19:03:35.194 [main] INFO  api.test.UserTest - ******Get User********
19:03:36.845 [main] INFO  api.test.UserTest - ******Get User Pass Successfully********
19:03:36.848 [main] INFO  api.test.UserTest - ******Update User********
19:03:41.582 [main] INFO  api.test.UserTest - ******update User Pass Successfully********
19:03:41.587 [main] INFO  api.test.UserTest - ******Delete User********
19:03:43.116 [main] INFO  api.test.UserTest - ******Delet User Pass Successfully********
19:08:11.931 [main] INFO  api.test.UserTest2 - ******Create User********
19:08:14.833 [main] INFO  api.test.UserTest2 - ******Create User Pass Successfully********
19:08:14.844 [main] INFO  api.test.UserTest2 - ******Get User********
19:08:16.634 [main] INFO  api.test.UserTest2 - ******Get User Pass Successfully********
19:08:16.637 [main] INFO  api.test.UserTest2 - ******Update User********
19:08:19.895 [main] INFO  api.test.UserTest2 - ******update User Pass Successfully********
19:08:19.898 [main] INFO  api.test.UserTest2 - ******Delete User********
19:08:21.666 [main] INFO  api.test.UserTest2 - ******Delet User Pass Successfully********
19:28:41.173 [main] INFO  api.test.UserTest2 - ******Create User********
19:28:44.320 [main] INFO  api.test.UserTest2 - ******Create User Pass Successfully********
19:28:44.328 [main] INFO  api.test.UserTest2 - ******Get User********
19:28:46.016 [main] INFO  api.test.UserTest2 - ******Get User Pass Successfully********
19:28:46.017 [main] INFO  api.test.UserTest2 - ******Update User********
19:28:49.703 [main] INFO  api.test.UserTest2 - ******update User Pass Successfully********
19:28:49.706 [main] INFO  api.test.UserTest2 - ******Delete User********
19:28:51.224 [main] INFO  api.test.UserTest2 - ******Delet User Pass Successfully********
19:48:20.891 [main] INFO  api.test.UserTest2 - ******Create User********
19:48:23.591 [main] INFO  api.test.UserTest2 - ******Create User Pass Successfully********
19:48:23.598 [main] INFO  api.test.UserTest2 - ******Get User********
19:48:25.197 [main] INFO  api.test.UserTest2 - ******Get User Pass Successfully********
19:48:25.199 [main] INFO  api.test.UserTest2 - ******Update User********
19:48:28.606 [main] INFO  api.test.UserTest2 - ******update User Pass Successfully********
19:48:28.610 [main] INFO  api.test.UserTest2 - ******Delete User********
19:48:30.083 [main] INFO  api.test.UserTest2 - ******Delet User Pass Successfully********
